<?xml version="1.0" encoding="UTF-8"?>
<testsuite xmlns:xsi="http://www.w3.org/2001/XMLSchema-instance" xsi:noNamespaceSchemaLocation="https://maven.apache.org/surefire/maven-surefire-plugin/xsd/surefire-test-report.xsd" name="ConstructorTabsTest" time="10.093" tests="3" errors="0" skipped="0" failures="0">
  <properties>
    <property name="java.specification.version" value="18"/>
    <property name="sun.jnu.encoding" value="UTF-8"/>
    <property name="java.class.path" value="/Users/k.krashenitsa/Documents/IntelligIdea/DIPLOM_CORRECT_FINAL/Diplom_3/Diplom_3/target/test-classes:/Users/k.krashenitsa/Documents/IntelligIdea/DIPLOM_CORRECT_FINAL/Diplom_3/Diplom_3/target/classes:/Users/k.krashenitsa/.m2/repository/ch/qos/logback/logback-classic/1.4.4/logback-classic-1.4.4.jar:/Users/k.krashenitsa/.m2/repository/ch/qos/logback/logback-core/1.4.4/logback-core-1.4.4.jar:/Users/k.krashenitsa/.m2/repository/org/slf4j/slf4j-api/2.0.3/slf4j-api-2.0.3.jar:/Users/k.krashenitsa/.m2/repository/io/qameta/allure/allure-junit4/2.15.0/allure-junit4-2.15.0.jar:/Users/k.krashenitsa/.m2/repository/io/qameta/allure/allure-java-commons/2.15.0/allure-java-commons-2.15.0.jar:/Users/k.krashenitsa/.m2/repository/io/qameta/allure/allure-model/2.15.0/allure-model-2.15.0.jar:/Users/k.krashenitsa/.m2/repository/io/qameta/allure/allure-rest-assured/2.15.0/allure-rest-assured-2.15.0.jar:/Users/k.krashenitsa/.m2/repository/io/qameta/allure/allure-attachments/2.15.0/allure-attachments-2.15.0.jar:/Users/k.krashenitsa/.m2/repository/org/freemarker/freemarker/2.3.31/freemarker-2.3.31.jar:/Users/k.krashenitsa/.m2/repository/io/rest-assured/rest-assured/4.5.0/rest-assured-4.5.0.jar:/Users/k.krashenitsa/.m2/repository/org/codehaus/groovy/groovy/3.0.9/groovy-3.0.9.jar:/Users/k.krashenitsa/.m2/repository/org/codehaus/groovy/groovy-xml/3.0.9/groovy-xml-3.0.9.jar:/Users/k.krashenitsa/.m2/repository/org/apache/httpcomponents/httpclient/4.5.13/httpclient-4.5.13.jar:/Users/k.krashenitsa/.m2/repository/org/apache/httpcomponents/httpcore/4.4.13/httpcore-4.4.13.jar:/Users/k.krashenitsa/.m2/repository/commons-logging/commons-logging/1.2/commons-logging-1.2.jar:/Users/k.krashenitsa/.m2/repository/commons-codec/commons-codec/1.11/commons-codec-1.11.jar:/Users/k.krashenitsa/.m2/repository/org/apache/httpcomponents/httpmime/4.5.13/httpmime-4.5.13.jar:/Users/k.krashenitsa/.m2/repository/org/hamcrest/hamcrest/2.1/hamcrest-2.1.jar:/Users/k.krashenitsa/.m2/repository/org/ccil/cowan/tagsoup/tagsoup/1.2.1/tagsoup-1.2.1.jar:/Users/k.krashenitsa/.m2/repository/io/rest-assured/json-path/4.5.0/json-path-4.5.0.jar:/Users/k.krashenitsa/.m2/repository/org/codehaus/groovy/groovy-json/3.0.9/groovy-json-3.0.9.jar:/Users/k.krashenitsa/.m2/repository/io/rest-assured/rest-assured-common/4.5.0/rest-assured-common-4.5.0.jar:/Users/k.krashenitsa/.m2/repository/io/rest-assured/xml-path/4.5.0/xml-path-4.5.0.jar:/Users/k.krashenitsa/.m2/repository/junit/junit/4.13.2/junit-4.13.2.jar:/Users/k.krashenitsa/.m2/repository/org/hamcrest/hamcrest-core/1.3/hamcrest-core-1.3.jar:/Users/k.krashenitsa/.m2/repository/com/codeborne/selenide/5.23.2/selenide-5.23.2.jar:/Users/k.krashenitsa/.m2/repository/org/seleniumhq/selenium/selenium-java/3.141.59/selenium-java-3.141.59.jar:/Users/k.krashenitsa/.m2/repository/org/seleniumhq/selenium/selenium-api/3.141.59/selenium-api-3.141.59.jar:/Users/k.krashenitsa/.m2/repository/org/seleniumhq/selenium/selenium-chrome-driver/3.141.59/selenium-chrome-driver-3.141.59.jar:/Users/k.krashenitsa/.m2/repository/org/seleniumhq/selenium/selenium-edge-driver/3.141.59/selenium-edge-driver-3.141.59.jar:/Users/k.krashenitsa/.m2/repository/org/seleniumhq/selenium/selenium-firefox-driver/3.141.59/selenium-firefox-driver-3.141.59.jar:/Users/k.krashenitsa/.m2/repository/org/seleniumhq/selenium/selenium-ie-driver/3.141.59/selenium-ie-driver-3.141.59.jar:/Users/k.krashenitsa/.m2/repository/org/seleniumhq/selenium/selenium-opera-driver/3.141.59/selenium-opera-driver-3.141.59.jar:/Users/k.krashenitsa/.m2/repository/org/seleniumhq/selenium/selenium-remote-driver/3.141.59/selenium-remote-driver-3.141.59.jar:/Users/k.krashenitsa/.m2/repository/org/seleniumhq/selenium/selenium-safari-driver/3.141.59/selenium-safari-driver-3.141.59.jar:/Users/k.krashenitsa/.m2/repository/org/seleniumhq/selenium/selenium-support/3.141.59/selenium-support-3.141.59.jar:/Users/k.krashenitsa/.m2/repository/net/bytebuddy/byte-buddy/1.8.15/byte-buddy-1.8.15.jar:/Users/k.krashenitsa/.m2/repository/org/apache/commons/commons-exec/1.3/commons-exec-1.3.jar:/Users/k.krashenitsa/.m2/repository/com/squareup/okhttp3/okhttp/3.11.0/okhttp-3.11.0.jar:/Users/k.krashenitsa/.m2/repository/com/squareup/okio/okio/1.14.0/okio-1.14.0.jar:/Users/k.krashenitsa/.m2/repository/io/github/bonigarcia/webdrivermanager/4.4.3/webdrivermanager-4.4.3.jar:/Users/k.krashenitsa/.m2/repository/commons-io/commons-io/2.8.0/commons-io-2.8.0.jar:/Users/k.krashenitsa/.m2/repository/com/google/code/gson/gson/2.8.6/gson-2.8.6.jar:/Users/k.krashenitsa/.m2/repository/org/jsoup/jsoup/1.13.1/jsoup-1.13.1.jar:/Users/k.krashenitsa/.m2/repository/org/rauschig/jarchivelib/1.1.0/jarchivelib-1.1.0.jar:/Users/k.krashenitsa/.m2/repository/org/apache/commons/commons-compress/1.20/commons-compress-1.20.jar:/Users/k.krashenitsa/.m2/repository/org/apache/httpcomponents/client5/httpclient5/5.1/httpclient5-5.1.jar:/Users/k.krashenitsa/.m2/repository/org/apache/httpcomponents/core5/httpcore5/5.1.1/httpcore5-5.1.1.jar:/Users/k.krashenitsa/.m2/repository/org/apache/httpcomponents/core5/httpcore5-h2/5.1.1/httpcore5-h2-5.1.1.jar:/Users/k.krashenitsa/.m2/repository/com/google/guava/guava/30.1.1-jre/guava-30.1.1-jre.jar:/Users/k.krashenitsa/.m2/repository/com/google/guava/failureaccess/1.0.1/failureaccess-1.0.1.jar:/Users/k.krashenitsa/.m2/repository/com/google/guava/listenablefuture/9999.0-empty-to-avoid-conflict-with-guava/listenablefuture-9999.0-empty-to-avoid-conflict-with-guava.jar:/Users/k.krashenitsa/.m2/repository/com/google/code/findbugs/jsr305/3.0.2/jsr305-3.0.2.jar:/Users/k.krashenitsa/.m2/repository/org/checkerframework/checker-qual/3.8.0/checker-qual-3.8.0.jar:/Users/k.krashenitsa/.m2/repository/com/google/errorprone/error_prone_annotations/2.5.1/error_prone_annotations-2.5.1.jar:/Users/k.krashenitsa/.m2/repository/com/google/j2objc/j2objc-annotations/1.3/j2objc-annotations-1.3.jar:/Users/k.krashenitsa/.m2/repository/org/projectlombok/lombok/1.18.24/lombok-1.18.24.jar:/Users/k.krashenitsa/.m2/repository/com/github/javafaker/javafaker/1.0.2/javafaker-1.0.2.jar:/Users/k.krashenitsa/.m2/repository/org/apache/commons/commons-lang3/3.5/commons-lang3-3.5.jar:/Users/k.krashenitsa/.m2/repository/org/yaml/snakeyaml/1.23/snakeyaml-1.23-android.jar:/Users/k.krashenitsa/.m2/repository/com/github/mifmif/generex/1.0.2/generex-1.0.2.jar:/Users/k.krashenitsa/.m2/repository/dk/brics/automaton/automaton/1.11-8/automaton-1.11-8.jar:"/>
    <property name="java.vm.vendor" value="Homebrew"/>
    <property name="sun.arch.data.model" value="64"/>
    <property name="java.vendor.url" value="https://github.com/Homebrew/homebrew-core/issues"/>
    <property name="os.name" value="Mac OS X"/>
    <property name="java.vm.specification.version" value="18"/>
    <property name="sun.java.launcher" value="SUN_STANDARD"/>
    <property name="user.country" value="RU"/>
    <property name="sun.boot.library.path" value="/usr/local/Cellar/openjdk/18.0.1.1/libexec/openjdk.jdk/Contents/Home/lib"/>
    <property name="sun.java.command" value="/Users/k.krashenitsa/Documents/IntelligIdea/DIPLOM_CORRECT_FINAL/Diplom_3/Diplom_3/target/surefire/surefirebooter5370261268099063050.jar /Users/k.krashenitsa/Documents/IntelligIdea/DIPLOM_CORRECT_FINAL/Diplom_3/Diplom_3/target/surefire 2022-10-26T23-09-06_239-jvmRun1 surefire2452272367411132602tmp surefire_06493964237835566505tmp"/>
    <property name="jdk.debug" value="release"/>
    <property name="surefire.test.class.path" value="/Users/k.krashenitsa/Documents/IntelligIdea/DIPLOM_CORRECT_FINAL/Diplom_3/Diplom_3/target/test-classes:/Users/k.krashenitsa/Documents/IntelligIdea/DIPLOM_CORRECT_FINAL/Diplom_3/Diplom_3/target/classes:/Users/k.krashenitsa/.m2/repository/ch/qos/logback/logback-classic/1.4.4/logback-classic-1.4.4.jar:/Users/k.krashenitsa/.m2/repository/ch/qos/logback/logback-core/1.4.4/logback-core-1.4.4.jar:/Users/k.krashenitsa/.m2/repository/org/slf4j/slf4j-api/2.0.3/slf4j-api-2.0.3.jar:/Users/k.krashenitsa/.m2/repository/io/qameta/allure/allure-junit4/2.15.0/allure-junit4-2.15.0.jar:/Users/k.krashenitsa/.m2/repository/io/qameta/allure/allure-java-commons/2.15.0/allure-java-commons-2.15.0.jar:/Users/k.krashenitsa/.m2/repository/io/qameta/allure/allure-model/2.15.0/allure-model-2.15.0.jar:/Users/k.krashenitsa/.m2/repository/io/qameta/allure/allure-rest-assured/2.15.0/allure-rest-assured-2.15.0.jar:/Users/k.krashenitsa/.m2/repository/io/qameta/allure/allure-attachments/2.15.0/allure-attachments-2.15.0.jar:/Users/k.krashenitsa/.m2/repository/org/freemarker/freemarker/2.3.31/freemarker-2.3.31.jar:/Users/k.krashenitsa/.m2/repository/io/rest-assured/rest-assured/4.5.0/rest-assured-4.5.0.jar:/Users/k.krashenitsa/.m2/repository/org/codehaus/groovy/groovy/3.0.9/groovy-3.0.9.jar:/Users/k.krashenitsa/.m2/repository/org/codehaus/groovy/groovy-xml/3.0.9/groovy-xml-3.0.9.jar:/Users/k.krashenitsa/.m2/repository/org/apache/httpcomponents/httpclient/4.5.13/httpclient-4.5.13.jar:/Users/k.krashenitsa/.m2/repository/org/apache/httpcomponents/httpcore/4.4.13/httpcore-4.4.13.jar:/Users/k.krashenitsa/.m2/repository/commons-logging/commons-logging/1.2/commons-logging-1.2.jar:/Users/k.krashenitsa/.m2/repository/commons-codec/commons-codec/1.11/commons-codec-1.11.jar:/Users/k.krashenitsa/.m2/repository/org/apache/httpcomponents/httpmime/4.5.13/httpmime-4.5.13.jar:/Users/k.krashenitsa/.m2/repository/org/hamcrest/hamcrest/2.1/hamcrest-2.1.jar:/Users/k.krashenitsa/.m2/repository/org/ccil/cowan/tagsoup/tagsoup/1.2.1/tagsoup-1.2.1.jar:/Users/k.krashenitsa/.m2/repository/io/rest-assured/json-path/4.5.0/json-path-4.5.0.jar:/Users/k.krashenitsa/.m2/repository/org/codehaus/groovy/groovy-json/3.0.9/groovy-json-3.0.9.jar:/Users/k.krashenitsa/.m2/repository/io/rest-assured/rest-assured-common/4.5.0/rest-assured-common-4.5.0.jar:/Users/k.krashenitsa/.m2/repository/io/rest-assured/xml-path/4.5.0/xml-path-4.5.0.jar:/Users/k.krashenitsa/.m2/repository/junit/junit/4.13.2/junit-4.13.2.jar:/Users/k.krashenitsa/.m2/repository/org/hamcrest/hamcrest-core/1.3/hamcrest-core-1.3.jar:/Users/k.krashenitsa/.m2/repository/com/codeborne/selenide/5.23.2/selenide-5.23.2.jar:/Users/k.krashenitsa/.m2/repository/org/seleniumhq/selenium/selenium-java/3.141.59/selenium-java-3.141.59.jar:/Users/k.krashenitsa/.m2/repository/org/seleniumhq/selenium/selenium-api/3.141.59/selenium-api-3.141.59.jar:/Users/k.krashenitsa/.m2/repository/org/seleniumhq/selenium/selenium-chrome-driver/3.141.59/selenium-chrome-driver-3.141.59.jar:/Users/k.krashenitsa/.m2/repository/org/seleniumhq/selenium/selenium-edge-driver/3.141.59/selenium-edge-driver-3.141.59.jar:/Users/k.krashenitsa/.m2/repository/org/seleniumhq/selenium/selenium-firefox-driver/3.141.59/selenium-firefox-driver-3.141.59.jar:/Users/k.krashenitsa/.m2/repository/org/seleniumhq/selenium/selenium-ie-driver/3.141.59/selenium-ie-driver-3.141.59.jar:/Users/k.krashenitsa/.m2/repository/org/seleniumhq/selenium/selenium-opera-driver/3.141.59/selenium-opera-driver-3.141.59.jar:/Users/k.krashenitsa/.m2/repository/org/seleniumhq/selenium/selenium-remote-driver/3.141.59/selenium-remote-driver-3.141.59.jar:/Users/k.krashenitsa/.m2/repository/org/seleniumhq/selenium/selenium-safari-driver/3.141.59/selenium-safari-driver-3.141.59.jar:/Users/k.krashenitsa/.m2/repository/org/seleniumhq/selenium/selenium-support/3.141.59/selenium-support-3.141.59.jar:/Users/k.krashenitsa/.m2/repository/net/bytebuddy/byte-buddy/1.8.15/byte-buddy-1.8.15.jar:/Users/k.krashenitsa/.m2/repository/org/apache/commons/commons-exec/1.3/commons-exec-1.3.jar:/Users/k.krashenitsa/.m2/repository/com/squareup/okhttp3/okhttp/3.11.0/okhttp-3.11.0.jar:/Users/k.krashenitsa/.m2/repository/com/squareup/okio/okio/1.14.0/okio-1.14.0.jar:/Users/k.krashenitsa/.m2/repository/io/github/bonigarcia/webdrivermanager/4.4.3/webdrivermanager-4.4.3.jar:/Users/k.krashenitsa/.m2/repository/commons-io/commons-io/2.8.0/commons-io-2.8.0.jar:/Users/k.krashenitsa/.m2/repository/com/google/code/gson/gson/2.8.6/gson-2.8.6.jar:/Users/k.krashenitsa/.m2/repository/org/jsoup/jsoup/1.13.1/jsoup-1.13.1.jar:/Users/k.krashenitsa/.m2/repository/org/rauschig/jarchivelib/1.1.0/jarchivelib-1.1.0.jar:/Users/k.krashenitsa/.m2/repository/org/apache/commons/commons-compress/1.20/commons-compress-1.20.jar:/Users/k.krashenitsa/.m2/repository/org/apache/httpcomponents/client5/httpclient5/5.1/httpclient5-5.1.jar:/Users/k.krashenitsa/.m2/repository/org/apache/httpcomponents/core5/httpcore5/5.1.1/httpcore5-5.1.1.jar:/Users/k.krashenitsa/.m2/repository/org/apache/httpcomponents/core5/httpcore5-h2/5.1.1/httpcore5-h2-5.1.1.jar:/Users/k.krashenitsa/.m2/repository/com/google/guava/guava/30.1.1-jre/guava-30.1.1-jre.jar:/Users/k.krashenitsa/.m2/repository/com/google/guava/failureaccess/1.0.1/failureaccess-1.0.1.jar:/Users/k.krashenitsa/.m2/repository/com/google/guava/listenablefuture/9999.0-empty-to-avoid-conflict-with-guava/listenablefuture-9999.0-empty-to-avoid-conflict-with-guava.jar:/Users/k.krashenitsa/.m2/repository/com/google/code/findbugs/jsr305/3.0.2/jsr305-3.0.2.jar:/Users/k.krashenitsa/.m2/repository/org/checkerframework/checker-qual/3.8.0/checker-qual-3.8.0.jar:/Users/k.krashenitsa/.m2/repository/com/google/errorprone/error_prone_annotations/2.5.1/error_prone_annotations-2.5.1.jar:/Users/k.krashenitsa/.m2/repository/com/google/j2objc/j2objc-annotations/1.3/j2objc-annotations-1.3.jar:/Users/k.krashenitsa/.m2/repository/org/projectlombok/lombok/1.18.24/lombok-1.18.24.jar:/Users/k.krashenitsa/.m2/repository/com/github/javafaker/javafaker/1.0.2/javafaker-1.0.2.jar:/Users/k.krashenitsa/.m2/repository/org/apache/commons/commons-lang3/3.5/commons-lang3-3.5.jar:/Users/k.krashenitsa/.m2/repository/org/yaml/snakeyaml/1.23/snakeyaml-1.23-android.jar:/Users/k.krashenitsa/.m2/repository/com/github/mifmif/generex/1.0.2/generex-1.0.2.jar:/Users/k.krashenitsa/.m2/repository/dk/brics/automaton/automaton/1.11-8/automaton-1.11-8.jar:"/>
    <property name="allure.results.directory" value="/Users/k.krashenitsa/Documents/IntelligIdea/DIPLOM_CORRECT_FINAL/Diplom_3/Diplom_3/target/allure-results"/>
    <property name="sun.cpu.endian" value="little"/>
    <property name="user.home" value="/Users/k.krashenitsa"/>
    <property name="user.language" value="ru"/>
    <property name="java.specification.vendor" value="Oracle Corporation"/>
    <property name="java.version.date" value="2022-04-22"/>
    <property name="java.home" value="/usr/local/Cellar/openjdk/18.0.1.1/libexec/openjdk.jdk/Contents/Home"/>
    <property name="file.separator" value="/"/>
    <property name="basedir" value="/Users/k.krashenitsa/Documents/IntelligIdea/DIPLOM_CORRECT_FINAL/Diplom_3/Diplom_3"/>
    <property name="java.vm.compressedOopsMode" value="Zero based"/>
    <property name="line.separator" value="&#10;"/>
    <property name="java.specification.name" value="Java Platform API Specification"/>
    <property name="java.vm.specification.vendor" value="Oracle Corporation"/>
    <property name="apple.awt.application.name" value="ForkedBooter"/>
    <property name="surefire.real.class.path" value="/Users/k.krashenitsa/Documents/IntelligIdea/DIPLOM_CORRECT_FINAL/Diplom_3/Diplom_3/target/surefire/surefirebooter5370261268099063050.jar"/>
    <property name="sun.management.compiler" value="HotSpot 64-Bit Tiered Compilers"/>
    <property name="java.runtime.version" value="18.0.1.1+0"/>
    <property name="user.name" value="k.krashenitsa"/>
    <property name="path.separator" value=":"/>
    <property name="os.version" value="12.6"/>
    <property name="java.runtime.name" value="OpenJDK Runtime Environment"/>
    <property name="file.encoding" value="UTF-8"/>
    <property name="java.vm.name" value="OpenJDK 64-Bit Server VM"/>
    <property name="java.vendor.version" value="Homebrew"/>
    <property name="localRepository" value="/Users/k.krashenitsa/.m2/repository"/>
    <property name="java.vendor.url.bug" value="https://github.com/Homebrew/homebrew-core/issues"/>
    <property name="java.io.tmpdir" value="/var/folders/yy/jyvt1mw52kd0rpqmkd0xtzb80000gp/T/"/>
    <property name="java.version" value="18.0.1.1"/>
    <property name="user.dir" value="/Users/k.krashenitsa/Documents/IntelligIdea/DIPLOM_CORRECT_FINAL/Diplom_3/Diplom_3"/>
    <property name="os.arch" value="x86_64"/>
    <property name="java.vm.specification.name" value="Java Virtual Machine Specification"/>
    <property name="native.encoding" value="UTF-8"/>
    <property name="java.library.path" value="/Users/k.krashenitsa/Library/Java/Extensions:/Library/Java/Extensions:/Network/Library/Java/Extensions:/System/Library/Java/Extensions:/usr/lib/java:."/>
    <property name="java.vm.info" value="mixed mode, sharing"/>
    <property name="java.vendor" value="Homebrew"/>
    <property name="java.vm.version" value="18.0.1.1+0"/>
    <property name="sun.io.unicode.encoding" value="UnicodeBig"/>
    <property name="java.class.version" value="62.0"/>
  </properties>
  <testcase name="openSaucesTab" classname="ConstructorTabsTest" time="8.871"/>
  <testcase name="openFillingsTab" classname="ConstructorTabsTest" time="0.592"/>
  <testcase name="openBunsTab" classname="ConstructorTabsTest" time="0.627"/>
</testsuite>